This file contains any messages produced by compilers while
running configure, to aid debugging if configure makes a mistake.

It was created by configure, which was
generated by GNU Autoconf 2.69.  Invocation command line was

  $ ./configure --with-php-config=/home/study/soft/php/bin/php-config --enable-async-redis

## --------- ##
## Platform. ##
## --------- ##

hostname = VM_0_7_centos
uname -m = x86_64
uname -r = 3.10.0-514.26.2.el7.x86_64
uname -s = Linux
uname -v = #1 SMP Tue Jul 4 15:04:05 UTC 2017

/usr/bin/uname -p = x86_64
/bin/uname -X     = unknown

/bin/arch              = x86_64
/usr/bin/arch -k       = unknown
/usr/convex/getsysinfo = unknown
/usr/bin/hostinfo      = unknown
/bin/machine           = unknown
/usr/bin/oslevel       = unknown
/bin/universe          = unknown

PATH: /usr/local/sbin
PATH: /usr/local/bin
PATH: /usr/sbin
PATH: /usr/bin
PATH: /root/bin


## ----------- ##
## Core tests. ##
## ----------- ##

configure:2462: checking for grep that handles long lines and -e
configure:2520: result: /usr/bin/grep
configure:2525: checking for egrep
configure:2587: result: /usr/bin/grep -E
configure:2592: checking for a sed that does not truncate output
configure:2646: result: /usr/bin/sed
configure:2783: checking for cc
configure:2799: found /usr/bin/cc
configure:2810: result: cc
configure:2841: checking for C compiler version
configure:2850: cc --version >&5
cc (GCC) 4.8.5 20150623 (Red Hat 4.8.5-28)
Copyright (C) 2015 Free Software Foundation, Inc.
This is free software; see the source for copying conditions.  There is NO
warranty; not even for MERCHANTABILITY or FITNESS FOR A PARTICULAR PURPOSE.

configure:2861: $? = 0
configure:2850: cc -v >&5
Using built-in specs.
COLLECT_GCC=cc
COLLECT_LTO_WRAPPER=/usr/libexec/gcc/x86_64-redhat-linux/4.8.5/lto-wrapper
Target: x86_64-redhat-linux
Configured with: ../configure --prefix=/usr --mandir=/usr/share/man --infodir=/usr/share/info --with-bugurl=http://bugzilla.redhat.com/bugzilla --enable-bootstrap --enable-shared --enable-threads=posix --enable-checking=release --with-system-zlib --enable-__cxa_atexit --disable-libunwind-exceptions --enable-gnu-unique-object --enable-linker-build-id --with-linker-hash-style=gnu --enable-languages=c,c++,objc,obj-c++,java,fortran,ada,go,lto --enable-plugin --enable-initfini-array --disable-libgcj --with-isl=/builddir/build/BUILD/gcc-4.8.5-20150702/obj-x86_64-redhat-linux/isl-install --with-cloog=/builddir/build/BUILD/gcc-4.8.5-20150702/obj-x86_64-redhat-linux/cloog-install --enable-gnu-indirect-function --with-tune=generic --with-arch_32=x86-64 --build=x86_64-redhat-linux
Thread model: posix
gcc version 4.8.5 20150623 (Red Hat 4.8.5-28) (GCC) 
configure:2861: $? = 0
configure:2850: cc -V >&5
cc: error: unrecognized command line option '-V'
cc: fatal error: no input files
compilation terminated.
configure:2861: $? = 4
configure:2850: cc -qversion >&5
cc: error: unrecognized command line option '-qversion'
cc: fatal error: no input files
compilation terminated.
configure:2861: $? = 4
configure:2881: checking whether the C compiler works
configure:2903: cc    conftest.c  >&5
configure:2907: $? = 0
configure:2955: result: yes
configure:2958: checking for C compiler default output file name
configure:2960: result: a.out
configure:2966: checking for suffix of executables
configure:2973: cc -o conftest    conftest.c  >&5
configure:2977: $? = 0
configure:2999: result: 
configure:3021: checking whether we are cross compiling
configure:3029: cc -o conftest    conftest.c  >&5
configure:3033: $? = 0
configure:3040: ./conftest
configure:3044: $? = 0
configure:3059: result: no
configure:3064: checking for suffix of object files
configure:3086: cc -c   conftest.c >&5
configure:3090: $? = 0
configure:3111: result: o
configure:3115: checking whether we are using the GNU C compiler
configure:3134: cc -c   conftest.c >&5
configure:3134: $? = 0
configure:3143: result: yes
configure:3152: checking whether cc accepts -g
configure:3172: cc -c -g  conftest.c >&5
configure:3172: $? = 0
configure:3213: result: yes
configure:3230: checking for cc option to accept ISO C89
configure:3293: cc  -c -g -O2  conftest.c >&5
configure:3293: $? = 0
configure:3306: result: none needed
configure:3332: checking how to run the C preprocessor
configure:3363: cc -E  conftest.c
configure:3363: $? = 0
configure:3377: cc -E  conftest.c
conftest.c:9:28: fatal error: ac_nonexistent.h: No such file or directory
 #include <ac_nonexistent.h>
                            ^
compilation terminated.
configure:3377: $? = 1
configure: failed program was:
| /* confdefs.h */
| #define PACKAGE_NAME ""
| #define PACKAGE_TARNAME ""
| #define PACKAGE_VERSION ""
| #define PACKAGE_STRING ""
| #define PACKAGE_BUGREPORT ""
| #define PACKAGE_URL ""
| /* end confdefs.h.  */
| #include <ac_nonexistent.h>
configure:3402: result: cc -E
configure:3422: cc -E  conftest.c
configure:3422: $? = 0
configure:3436: cc -E  conftest.c
conftest.c:9:28: fatal error: ac_nonexistent.h: No such file or directory
 #include <ac_nonexistent.h>
                            ^
compilation terminated.
configure:3436: $? = 1
configure: failed program was:
| /* confdefs.h */
| #define PACKAGE_NAME ""
| #define PACKAGE_TARNAME ""
| #define PACKAGE_VERSION ""
| #define PACKAGE_STRING ""
| #define PACKAGE_BUGREPORT ""
| #define PACKAGE_URL ""
| /* end confdefs.h.  */
| #include <ac_nonexistent.h>
configure:3467: checking for icc
configure:3476: result: no
configure:3490: checking for suncc
configure:3499: result: no
configure:3517: checking whether cc understands -c and -o together
configure:3545: cc -c conftest.c -o conftest2.o >&5
configure:3549: $? = 0
configure:3555: cc -c conftest.c -o conftest2.o >&5
configure:3559: $? = 0
configure:3614: result: yes
configure:3628: checking for system library directory
configure:3643: result: lib
configure:3650: checking if compiler supports -R
configure:3669: cc -o conftest -g -O2   conftest.c -R /usr/lib  >&5
cc: error: unrecognized command line option '-R'
configure:3669: $? = 1
configure: failed program was:
| /* confdefs.h */
| #define PACKAGE_NAME ""
| #define PACKAGE_TARNAME ""
| #define PACKAGE_VERSION ""
| #define PACKAGE_STRING ""
| #define PACKAGE_BUGREPORT ""
| #define PACKAGE_URL ""
| /* end confdefs.h.  */
| 
| int
| main ()
| {
| 
|   ;
|   return 0;
| }
configure:3679: result: no
configure:3684: checking if compiler supports -Wl,-rpath,
configure:3703: cc -o conftest -g -O2   conftest.c -Wl,-rpath,/usr/lib  >&5
configure:3703: $? = 0
configure:3713: result: yes
configure:3758: checking build system type
configure:3772: result: x86_64-unknown-linux-gnu
configure:3792: checking host system type
configure:3805: result: x86_64-unknown-linux-gnu
configure:3825: checking target system type
configure:3838: result: x86_64-unknown-linux-gnu
configure:3941: checking for PHP prefix
configure:3943: result: /home/study/soft/php
configure:3945: checking for PHP includes
configure:3947: result: -I/home/study/soft/php/include/php -I/home/study/soft/php/include/php/main -I/home/study/soft/php/include/php/TSRM -I/home/study/soft/php/include/php/Zend -I/home/study/soft/php/include/php/ext -I/home/study/soft/php/include/php/ext/date/lib
configure:3949: checking for PHP extension directory
configure:3951: result: /home/study/soft/php/lib/php/extensions/no-debug-non-zts-20170718
configure:3953: checking for PHP installed headers prefix
configure:3955: result: /home/study/soft/php/include/php
configure:3958: checking if debug is enabled
configure:3984: result: no
configure:3987: checking if zts is enabled
configure:4013: result: no
configure:4084: checking for re2c
configure:4114: result: no
configure:4139: WARNING: You will need re2c 0.13.4 or later if you want to regenerate PHP parsers.
configure:4153: checking for gawk
configure:4170: found /usr/bin/gawk
configure:4181: result: gawk
configure:4226: checking whether to enable debug log
configure:4240: result: no
configure:4249: checking Whether to enable trace log
configure:4263: result: no
configure:4272: checking enable sockets support
configure:4286: result: no
configure:4295: checking enable async_redis support
configure:4309: result: yes
configure:4318: checking enable openssl support
configure:4332: result: no
configure:4341: checking enable http2.0 support
configure:4355: result: no
configure:4364: checking swoole support
configure:4403: result: yes, shared
configure:4412: checking enable mysqlnd support
configure:4426: result: no
configure:4435: checking enable coroutine postgresql support
configure:4449: result: no
configure:4458: checking dir of openssl
configure:4473: result: no
configure:4482: checking dir of hiredis
configure:4497: result: no
configure:4506: checking dir of nghttp2
configure:4521: result: no
configure:4530: checking dir of php-x
configure:4545: result: no
configure:4554: checking dir of jemalloc
configure:4569: result: no
configure:4578: checking dir of libpq
configure:4593: result: no
configure:4602: checking enable hugepage support
configure:4616: result: no
configure:4625: checking whether to enable asan
configure:4639: result: no
configure:4648: checking enable picohttpparser support
configure:4662: result: no
configure:4682: checking if compiling with clang
configure:4700: cc -c -g -O2  conftest.c >&5
conftest.c: In function 'main':
conftest.c:16:13: error: unknown type name 'not'
             not clang
             ^
configure:4700: $? = 1
configure: failed program was:
| /* confdefs.h */
| #define PACKAGE_NAME ""
| #define PACKAGE_TARNAME ""
| #define PACKAGE_VERSION ""
| #define PACKAGE_STRING ""
| #define PACKAGE_BUGREPORT ""
| #define PACKAGE_URL ""
| /* end confdefs.h.  */
| 
| 
| int
| main ()
| {
| 
|         #ifndef __clang__
|             not clang
|         #endif
| 
|   ;
|   return 0;
| }
configure:4707: result: no
configure:4816: checking for cpu affinity
configure:4840: cc -c -g -O2  conftest.c >&5
configure:4840: $? = 0
configure:4845: result: yes
configure:4857: checking for socket REUSEPORT
configure:4875: cc -c -g -O2  conftest.c >&5
configure:4875: $? = 0
configure:4880: result: yes
configure:4892: checking for futex
configure:4913: cc -c -g -O2  conftest.c >&5
configure:4913: $? = 0
configure:4918: result: yes
configure:4930: checking for ucontext
configure:4950: cc -c -g -O2  conftest.c >&5
configure:4950: $? = 0
configure:4955: result: yes
configure:5024: checking for g++
configure:5040: found /usr/bin/g++
configure:5051: result: g++
configure:5078: checking for C++ compiler version
configure:5087: g++ --version >&5
g++ (GCC) 4.8.5 20150623 (Red Hat 4.8.5-28)
Copyright (C) 2015 Free Software Foundation, Inc.
This is free software; see the source for copying conditions.  There is NO
warranty; not even for MERCHANTABILITY or FITNESS FOR A PARTICULAR PURPOSE.

configure:5098: $? = 0
configure:5087: g++ -v >&5
Using built-in specs.
COLLECT_GCC=g++
COLLECT_LTO_WRAPPER=/usr/libexec/gcc/x86_64-redhat-linux/4.8.5/lto-wrapper
Target: x86_64-redhat-linux
Configured with: ../configure --prefix=/usr --mandir=/usr/share/man --infodir=/usr/share/info --with-bugurl=http://bugzilla.redhat.com/bugzilla --enable-bootstrap --enable-shared --enable-threads=posix --enable-checking=release --with-system-zlib --enable-__cxa_atexit --disable-libunwind-exceptions --enable-gnu-unique-object --enable-linker-build-id --with-linker-hash-style=gnu --enable-languages=c,c++,objc,obj-c++,java,fortran,ada,go,lto --enable-plugin --enable-initfini-array --disable-libgcj --with-isl=/builddir/build/BUILD/gcc-4.8.5-20150702/obj-x86_64-redhat-linux/isl-install --with-cloog=/builddir/build/BUILD/gcc-4.8.5-20150702/obj-x86_64-redhat-linux/cloog-install --enable-gnu-indirect-function --with-tune=generic --with-arch_32=x86-64 --build=x86_64-redhat-linux
Thread model: posix
gcc version 4.8.5 20150623 (Red Hat 4.8.5-28) (GCC) 
configure:5098: $? = 0
configure:5087: g++ -V >&5
g++: error: unrecognized command line option '-V'
g++: fatal error: no input files
compilation terminated.
configure:5098: $? = 4
configure:5087: g++ -qversion >&5
g++: error: unrecognized command line option '-qversion'
g++: fatal error: no input files
compilation terminated.
configure:5098: $? = 4
configure:5102: checking whether we are using the GNU C++ compiler
configure:5121: g++ -c   conftest.cpp >&5
configure:5121: $? = 0
configure:5130: result: yes
configure:5139: checking whether g++ accepts -g
configure:5159: g++ -c -g  conftest.cpp >&5
configure:5159: $? = 0
configure:5200: result: yes
configure:5225: checking for boost.context
configure:5248: g++ -c -g -O2  conftest.cpp >&5
conftest.cpp:14:41: fatal error: boost/context/all.hpp: No such file or directory
         #include <boost/context/all.hpp>
                                         ^
compilation terminated.
configure:5248: $? = 1
configure: failed program was:
| /* confdefs.h */
| #define PACKAGE_NAME ""
| #define PACKAGE_TARNAME ""
| #define PACKAGE_VERSION ""
| #define PACKAGE_STRING ""
| #define PACKAGE_BUGREPORT ""
| #define PACKAGE_URL ""
| #define HAVE_CPU_AFFINITY 1
| #define HAVE_REUSEPORT 1
| #define HAVE_FUTEX 1
| #define HAVE_UCONTEXT 1
| /* end confdefs.h.  */
| 
|         #include <boost/context/all.hpp>
| 
| int
| main ()
| {
| 
| 
| 
|   ;
|   return 0;
| }
configure:5259: result: no
configure:5266: checking for valgrind
configure:5289: g++ -c -g -O2  conftest.cpp >&5
conftest.cpp:14:39: fatal error: valgrind/valgrind.h: No such file or directory
         #include <valgrind/valgrind.h>
                                       ^
compilation terminated.
configure:5289: $? = 1
configure: failed program was:
| /* confdefs.h */
| #define PACKAGE_NAME ""
| #define PACKAGE_TARNAME ""
| #define PACKAGE_VERSION ""
| #define PACKAGE_STRING ""
| #define PACKAGE_BUGREPORT ""
| #define PACKAGE_URL ""
| #define HAVE_CPU_AFFINITY 1
| #define HAVE_REUSEPORT 1
| #define HAVE_FUTEX 1
| #define HAVE_UCONTEXT 1
| /* end confdefs.h.  */
| 
|         #include <valgrind/valgrind.h>
| 
| int
| main ()
| {
| 
| 
| 
|   ;
|   return 0;
| }
configure:5299: result: no
configure:5367: checking for clock_gettime in -lrt
configure:5392: g++ -o conftest -g -O2   -lpthread conftest.cpp -lrt   >&5
configure:5392: $? = 0
configure:5401: result: yes
configure:6222: checking for accept4 in -lc
configure:6247: g++ -o conftest -g -O2   -lpthread -z now conftest.cpp -lc   >&5
configure:6247: $? = 0
configure:6256: result: yes
configure:6264: checking for signalfd in -lc
configure:6289: g++ -o conftest -g -O2   -lpthread -z now conftest.cpp -lc   >&5
configure:6289: $? = 0
configure:6298: result: yes
configure:6306: checking for eventfd in -lc
configure:6331: g++ -o conftest -g -O2   -lpthread -z now conftest.cpp -lc   >&5
configure:6331: $? = 0
configure:6340: result: yes
configure:6348: checking for epoll_create in -lc
configure:6373: g++ -o conftest -g -O2   -lpthread -z now conftest.cpp -lc   >&5
configure:6373: $? = 0
configure:6382: result: yes
configure:6390: checking for poll in -lc
configure:6415: g++ -o conftest -g -O2   -lpthread -z now conftest.cpp -lc   >&5
configure:6415: $? = 0
configure:6424: result: yes
configure:6432: checking for sendfile in -lc
configure:6457: g++ -o conftest -g -O2   -lpthread -z now conftest.cpp -lc   >&5
configure:6457: $? = 0
configure:6466: result: yes
configure:6474: checking for kqueue in -lc
configure:6499: g++ -o conftest -g -O2   -lpthread -z now conftest.cpp -lc   >&5
/tmp/cc3aOEn7.o: In function `main':
/home/soft/swoole-src/conftest.cpp:32: undefined reference to `kqueue'
collect2: error: ld returned 1 exit status
configure:6499: $? = 1
configure: failed program was:
| /* confdefs.h */
| #define PACKAGE_NAME ""
| #define PACKAGE_TARNAME ""
| #define PACKAGE_VERSION ""
| #define PACKAGE_STRING ""
| #define PACKAGE_BUGREPORT ""
| #define PACKAGE_URL ""
| #define HAVE_CPU_AFFINITY 1
| #define HAVE_REUSEPORT 1
| #define HAVE_FUTEX 1
| #define HAVE_UCONTEXT 1
| #define HAVE_CLOCK_GETTIME 1
| #define SW_USE_REDIS 1
| #define HAVE_ACCEPT4 1
| #define HAVE_SIGNALFD 1
| #define HAVE_EVENTFD 1
| #define HAVE_EPOLL 1
| #define HAVE_POLL 1
| #define HAVE_SENDFILE 1
| /* end confdefs.h.  */
| 
| /* Override any GCC internal prototype to avoid an error.
|    Use char because int might match the return type of a GCC
|    builtin and then its argument prototype would still apply.  */
| #ifdef __cplusplus
| extern "C"
| #endif
| char kqueue ();
| int
| main ()
| {
| return kqueue ();
|   ;
|   return 0;
| }
configure:6508: result: no
configure:6516: checking for backtrace in -lc
configure:6541: g++ -o conftest -g -O2   -lpthread -z now conftest.cpp -lc   >&5
configure:6541: $? = 0
configure:6550: result: yes
configure:6558: checking for daemon in -lc
configure:6583: g++ -o conftest -g -O2   -lpthread -z now conftest.cpp -lc   >&5
configure:6583: $? = 0
configure:6592: result: yes
configure:6600: checking for mkostemp in -lc
configure:6625: g++ -o conftest -g -O2   -lpthread -z now conftest.cpp -lc   >&5
configure:6625: $? = 0
configure:6634: result: yes
configure:6642: checking for inotify_init in -lc
configure:6667: g++ -o conftest -g -O2   -lpthread -z now conftest.cpp -lc   >&5
configure:6667: $? = 0
configure:6676: result: yes
configure:6684: checking for malloc_trim in -lc
configure:6709: g++ -o conftest -g -O2   -lpthread -z now conftest.cpp -lc   >&5
configure:6709: $? = 0
configure:6718: result: yes
configure:6726: checking for inotify_init1 in -lc
configure:6751: g++ -o conftest -g -O2   -lpthread -z now conftest.cpp -lc   >&5
configure:6751: $? = 0
configure:6760: result: yes
configure:6768: checking for gethostbyname2_r in -lc
configure:6793: g++ -o conftest -g -O2   -lpthread -z now conftest.cpp -lc   >&5
configure:6793: $? = 0
configure:6802: result: yes
configure:6810: checking for ptrace in -lc
configure:6835: g++ -o conftest -g -O2   -lpthread -z now conftest.cpp -lc   >&5
configure:6835: $? = 0
configure:6844: result: yes
configure:6852: checking for pthread_rwlock_init in -lpthread
configure:6877: g++ -o conftest -g -O2   -lpthread -z now conftest.cpp -lpthread   >&5
configure:6877: $? = 0
configure:6886: result: yes
configure:6894: checking for pthread_spin_lock in -lpthread
configure:6919: g++ -o conftest -g -O2   -lpthread -z now conftest.cpp -lpthread   >&5
configure:6919: $? = 0
configure:6928: result: yes
configure:6936: checking for pthread_mutex_timedlock in -lpthread
configure:6961: g++ -o conftest -g -O2   -lpthread -z now conftest.cpp -lpthread   >&5
configure:6961: $? = 0
configure:6970: result: yes
configure:6978: checking for pthread_barrier_init in -lpthread
configure:7003: g++ -o conftest -g -O2   -lpthread -z now conftest.cpp -lpthread   >&5
configure:7003: $? = 0
configure:7012: result: yes
configure:7020: checking for pcre_compile in -lpcre
configure:7045: g++ -o conftest -g -O2   -lpthread -z now conftest.cpp -lpcre   >&5
configure:7045: $? = 0
configure:7054: result: yes
configure:7062: checking for redisConnect in -lhiredis
configure:7087: g++ -o conftest -g -O2   -lpthread -z now conftest.cpp -lhiredis   >&5
configure:7087: $? = 0
configure:7096: result: yes
configure:7104: checking for PQconnectdb in -lpq
configure:7129: g++ -o conftest -g -O2   -lpthread -z now conftest.cpp -lpq   >&5
/usr/bin/ld: cannot find -lpq
collect2: error: ld returned 1 exit status
configure:7129: $? = 1
configure: failed program was:
| /* confdefs.h */
| #define PACKAGE_NAME ""
| #define PACKAGE_TARNAME ""
| #define PACKAGE_VERSION ""
| #define PACKAGE_STRING ""
| #define PACKAGE_BUGREPORT ""
| #define PACKAGE_URL ""
| #define HAVE_CPU_AFFINITY 1
| #define HAVE_REUSEPORT 1
| #define HAVE_FUTEX 1
| #define HAVE_UCONTEXT 1
| #define HAVE_CLOCK_GETTIME 1
| #define SW_USE_REDIS 1
| #define HAVE_ACCEPT4 1
| #define HAVE_SIGNALFD 1
| #define HAVE_EVENTFD 1
| #define HAVE_EPOLL 1
| #define HAVE_POLL 1
| #define HAVE_SENDFILE 1
| #define HAVE_EXECINFO 1
| #define HAVE_DAEMON 1
| #define HAVE_MKOSTEMP 1
| #define HAVE_INOTIFY 1
| #define HAVE_MALLOC_TRIM 1
| #define HAVE_INOTIFY_INIT1 1
| #define HAVE_GETHOSTBYNAME2_R 1
| #define HAVE_PTRACE 1
| #define HAVE_RWLOCK 1
| #define HAVE_SPINLOCK 1
| #define HAVE_MUTEX_TIMEDLOCK 1
| #define HAVE_PTHREAD_BARRIER 1
| #define HAVE_PCRE 1
| #define HAVE_HIREDIS 1
| /* end confdefs.h.  */
| 
| /* Override any GCC internal prototype to avoid an error.
|    Use char because int might match the return type of a GCC
|    builtin and then its argument prototype would still apply.  */
| #ifdef __cplusplus
| extern "C"
| #endif
| char PQconnectdb ();
| int
| main ()
| {
| return PQconnectdb ();
|   ;
|   return 0;
| }
configure:7138: result: no
configure:7146: checking for nghttp2_hd_inflate_new in -lnghttp2
configure:7171: g++ -o conftest -g -O2   -lpthread -z now conftest.cpp -lnghttp2   >&5
configure:7171: $? = 0
configure:7180: result: yes
configure:7189: checking for BrotliEncoderCreateInstance in -lbrotlienc
configure:7214: g++ -o conftest -g -O2   -lpthread -z now conftest.cpp -lbrotlienc   >&5
/usr/bin/ld: cannot find -lbrotlienc
collect2: error: ld returned 1 exit status
configure:7214: $? = 1
configure: failed program was:
| /* confdefs.h */
| #define PACKAGE_NAME ""
| #define PACKAGE_TARNAME ""
| #define PACKAGE_VERSION ""
| #define PACKAGE_STRING ""
| #define PACKAGE_BUGREPORT ""
| #define PACKAGE_URL ""
| #define HAVE_CPU_AFFINITY 1
| #define HAVE_REUSEPORT 1
| #define HAVE_FUTEX 1
| #define HAVE_UCONTEXT 1
| #define HAVE_CLOCK_GETTIME 1
| #define SW_USE_REDIS 1
| #define HAVE_ACCEPT4 1
| #define HAVE_SIGNALFD 1
| #define HAVE_EVENTFD 1
| #define HAVE_EPOLL 1
| #define HAVE_POLL 1
| #define HAVE_SENDFILE 1
| #define HAVE_EXECINFO 1
| #define HAVE_DAEMON 1
| #define HAVE_MKOSTEMP 1
| #define HAVE_INOTIFY 1
| #define HAVE_MALLOC_TRIM 1
| #define HAVE_INOTIFY_INIT1 1
| #define HAVE_GETHOSTBYNAME2_R 1
| #define HAVE_PTRACE 1
| #define HAVE_RWLOCK 1
| #define HAVE_SPINLOCK 1
| #define HAVE_MUTEX_TIMEDLOCK 1
| #define HAVE_PTHREAD_BARRIER 1
| #define HAVE_PCRE 1
| #define HAVE_HIREDIS 1
| #define HAVE_NGHTTP2 1
| /* end confdefs.h.  */
| 
| /* Override any GCC internal prototype to avoid an error.
|    Use char because int might match the return type of a GCC
|    builtin and then its argument prototype would still apply.  */
| #ifdef __cplusplus
| extern "C"
| #endif
| char BrotliEncoderCreateInstance ();
| int
| main ()
| {
| return BrotliEncoderCreateInstance ();
|   ;
|   return 0;
| }
configure:7223: result: no
configure:7257: checking for gzgets in -lz
configure:7282: g++ -o conftest -g -O2   -lpthread -z now conftest.cpp -lz   >&5
configure:7282: $? = 0
configure:7291: result: yes
configure:7976: checking for C++ compiler version
configure:7985: g++ --version >&5
g++ (GCC) 4.8.5 20150623 (Red Hat 4.8.5-28)
Copyright (C) 2015 Free Software Foundation, Inc.
This is free software; see the source for copying conditions.  There is NO
warranty; not even for MERCHANTABILITY or FITNESS FOR A PARTICULAR PURPOSE.

configure:7996: $? = 0
configure:7985: g++ -v >&5
Using built-in specs.
COLLECT_GCC=g++
COLLECT_LTO_WRAPPER=/usr/libexec/gcc/x86_64-redhat-linux/4.8.5/lto-wrapper
Target: x86_64-redhat-linux
Configured with: ../configure --prefix=/usr --mandir=/usr/share/man --infodir=/usr/share/info --with-bugurl=http://bugzilla.redhat.com/bugzilla --enable-bootstrap --enable-shared --enable-threads=posix --enable-checking=release --with-system-zlib --enable-__cxa_atexit --disable-libunwind-exceptions --enable-gnu-unique-object --enable-linker-build-id --with-linker-hash-style=gnu --enable-languages=c,c++,objc,obj-c++,java,fortran,ada,go,lto --enable-plugin --enable-initfini-array --disable-libgcj --with-isl=/builddir/build/BUILD/gcc-4.8.5-20150702/obj-x86_64-redhat-linux/isl-install --with-cloog=/builddir/build/BUILD/gcc-4.8.5-20150702/obj-x86_64-redhat-linux/cloog-install --enable-gnu-indirect-function --with-tune=generic --with-arch_32=x86-64 --build=x86_64-redhat-linux
Thread model: posix
gcc version 4.8.5 20150623 (Red Hat 4.8.5-28) (GCC) 
configure:7996: $? = 0
configure:7985: g++ -V >&5
g++: error: unrecognized command line option '-V'
g++: fatal error: no input files
compilation terminated.
configure:7996: $? = 4
configure:7985: g++ -qversion >&5
g++: error: unrecognized command line option '-qversion'
g++: fatal error: no input files
compilation terminated.
configure:7996: $? = 4
configure:8000: checking whether we are using the GNU C++ compiler
configure:8028: result: yes
configure:8037: checking whether g++ accepts -g
configure:8098: result: yes
configure:8126: checking how to run the C++ preprocessor
configure:8153: g++ -E  conftest.cpp
configure:8153: $? = 0
configure:8167: g++ -E  conftest.cpp
conftest.cpp:38:28: fatal error: ac_nonexistent.h: No such file or directory
 #include <ac_nonexistent.h>
                            ^
compilation terminated.
configure:8167: $? = 1
configure: failed program was:
| /* confdefs.h */
| #define PACKAGE_NAME ""
| #define PACKAGE_TARNAME ""
| #define PACKAGE_VERSION ""
| #define PACKAGE_STRING ""
| #define PACKAGE_BUGREPORT ""
| #define PACKAGE_URL ""
| #define HAVE_CPU_AFFINITY 1
| #define HAVE_REUSEPORT 1
| #define HAVE_FUTEX 1
| #define HAVE_UCONTEXT 1
| #define HAVE_CLOCK_GETTIME 1
| #define SW_USE_REDIS 1
| #define HAVE_ACCEPT4 1
| #define HAVE_SIGNALFD 1
| #define HAVE_EVENTFD 1
| #define HAVE_EPOLL 1
| #define HAVE_POLL 1
| #define HAVE_SENDFILE 1
| #define HAVE_EXECINFO 1
| #define HAVE_DAEMON 1
| #define HAVE_MKOSTEMP 1
| #define HAVE_INOTIFY 1
| #define HAVE_MALLOC_TRIM 1
| #define HAVE_INOTIFY_INIT1 1
| #define HAVE_GETHOSTBYNAME2_R 1
| #define HAVE_PTRACE 1
| #define HAVE_RWLOCK 1
| #define HAVE_SPINLOCK 1
| #define HAVE_MUTEX_TIMEDLOCK 1
| #define HAVE_PTHREAD_BARRIER 1
| #define HAVE_PCRE 1
| #define HAVE_HIREDIS 1
| #define HAVE_NGHTTP2 1
| #define SW_HAVE_ZLIB 1
| #define COMPILE_DL_SWOOLE 1
| /* end confdefs.h.  */
| #include <ac_nonexistent.h>
configure:8192: result: g++ -E
configure:8212: g++ -E  conftest.cpp
configure:8212: $? = 0
configure:8226: g++ -E  conftest.cpp
conftest.cpp:38:28: fatal error: ac_nonexistent.h: No such file or directory
 #include <ac_nonexistent.h>
                            ^
compilation terminated.
configure:8226: $? = 1
configure: failed program was:
| /* confdefs.h */
| #define PACKAGE_NAME ""
| #define PACKAGE_TARNAME ""
| #define PACKAGE_VERSION ""
| #define PACKAGE_STRING ""
| #define PACKAGE_BUGREPORT ""
| #define PACKAGE_URL ""
| #define HAVE_CPU_AFFINITY 1
| #define HAVE_REUSEPORT 1
| #define HAVE_FUTEX 1
| #define HAVE_UCONTEXT 1
| #define HAVE_CLOCK_GETTIME 1
| #define SW_USE_REDIS 1
| #define HAVE_ACCEPT4 1
| #define HAVE_SIGNALFD 1
| #define HAVE_EVENTFD 1
| #define HAVE_EPOLL 1
| #define HAVE_POLL 1
| #define HAVE_SENDFILE 1
| #define HAVE_EXECINFO 1
| #define HAVE_DAEMON 1
| #define HAVE_MKOSTEMP 1
| #define HAVE_INOTIFY 1
| #define HAVE_MALLOC_TRIM 1
| #define HAVE_INOTIFY_INIT1 1
| #define HAVE_GETHOSTBYNAME2_R 1
| #define HAVE_PTRACE 1
| #define HAVE_RWLOCK 1
| #define HAVE_SPINLOCK 1
| #define HAVE_MUTEX_TIMEDLOCK 1
| #define HAVE_PTHREAD_BARRIER 1
| #define HAVE_PCRE 1
| #define HAVE_HIREDIS 1
| #define HAVE_NGHTTP2 1
| #define SW_HAVE_ZLIB 1
| #define COMPILE_DL_SWOOLE 1
| /* end confdefs.h.  */
| #include <ac_nonexistent.h>
configure:8486: checking for ld used by cc
configure:8553: result: /usr/bin/ld
configure:8560: checking if the linker (/usr/bin/ld) is GNU ld
configure:8575: result: yes
configure:8580: checking for /usr/bin/ld option to reload object files
configure:8587: result: -r
configure:8605: checking for BSD-compatible nm
configure:8654: result: /usr/bin/nm -B
configure:8658: checking whether ln -s works
configure:8662: result: yes
configure:8669: checking how to recognize dependent libraries
configure:8855: result: pass_all
configure:8940: g++ -c -g -O2 -Wall -Wno-unused-function -Wno-deprecated -Wno-deprecated-declarations -std=c++11  conftest.cpp >&5
configure:8943: $? = 0
configure:9073: checking for ANSI C header files
configure:9093: g++ -c -g -O2 -Wall -Wno-unused-function -Wno-deprecated -Wno-deprecated-declarations -std=c++11  conftest.cpp >&5
configure:9093: $? = 0
configure:9166: g++ -o conftest -g -O2 -Wall -Wno-unused-function -Wno-deprecated -Wno-deprecated-declarations -std=c++11   -lpthread -z now conftest.cpp -lstdc++  >&5
configure:9166: $? = 0
configure:9166: ./conftest
configure:9166: $? = 0
configure:9177: result: yes
configure:9190: checking for sys/types.h
configure:9190: g++ -c -g -O2 -Wall -Wno-unused-function -Wno-deprecated -Wno-deprecated-declarations -std=c++11  conftest.cpp >&5
configure:9190: $? = 0
configure:9190: result: yes
configure:9190: checking for sys/stat.h
configure:9190: g++ -c -g -O2 -Wall -Wno-unused-function -Wno-deprecated -Wno-deprecated-declarations -std=c++11  conftest.cpp >&5
configure:9190: $? = 0
configure:9190: result: yes
configure:9190: checking for stdlib.h
configure:9190: g++ -c -g -O2 -Wall -Wno-unused-function -Wno-deprecated -Wno-deprecated-declarations -std=c++11  conftest.cpp >&5
configure:9190: $? = 0
configure:9190: result: yes
configure:9190: checking for string.h
configure:9190: g++ -c -g -O2 -Wall -Wno-unused-function -Wno-deprecated -Wno-deprecated-declarations -std=c++11  conftest.cpp >&5
configure:9190: $? = 0
configure:9190: result: yes
configure:9190: checking for memory.h
configure:9190: g++ -c -g -O2 -Wall -Wno-unused-function -Wno-deprecated -Wno-deprecated-declarations -std=c++11  conftest.cpp >&5
configure:9190: $? = 0
configure:9190: result: yes
configure:9190: checking for strings.h
configure:9190: g++ -c -g -O2 -Wall -Wno-unused-function -Wno-deprecated -Wno-deprecated-declarations -std=c++11  conftest.cpp >&5
configure:9190: $? = 0
configure:9190: result: yes
configure:9190: checking for inttypes.h
configure:9190: g++ -c -g -O2 -Wall -Wno-unused-function -Wno-deprecated -Wno-deprecated-declarations -std=c++11  conftest.cpp >&5
configure:9190: $? = 0
configure:9190: result: yes
configure:9190: checking for stdint.h
configure:9190: g++ -c -g -O2 -Wall -Wno-unused-function -Wno-deprecated -Wno-deprecated-declarations -std=c++11  conftest.cpp >&5
configure:9190: $? = 0
configure:9190: result: yes
configure:9190: checking for unistd.h
configure:9190: g++ -c -g -O2 -Wall -Wno-unused-function -Wno-deprecated -Wno-deprecated-declarations -std=c++11  conftest.cpp >&5
configure:9190: $? = 0
configure:9190: result: yes
configure:9204: checking dlfcn.h usability
configure:9204: g++ -c -g -O2 -Wall -Wno-unused-function -Wno-deprecated -Wno-deprecated-declarations -std=c++11  conftest.cpp >&5
configure:9204: $? = 0
configure:9204: result: yes
configure:9204: checking dlfcn.h presence
configure:9204: g++ -E  conftest.cpp
configure:9204: $? = 0
configure:9204: result: yes
configure:9204: checking for dlfcn.h
configure:9204: result: yes
configure:9224: checking how to run the C++ preprocessor
configure:9290: result: g++ -E
configure:9310: g++ -E  conftest.cpp
configure:9310: $? = 0
configure:9324: g++ -E  conftest.cpp
conftest.cpp:49:28: fatal error: ac_nonexistent.h: No such file or directory
 #include <ac_nonexistent.h>
                            ^
compilation terminated.
configure:9324: $? = 1
configure: failed program was:
| /* confdefs.h */
| #define PACKAGE_NAME ""
| #define PACKAGE_TARNAME ""
| #define PACKAGE_VERSION ""
| #define PACKAGE_STRING ""
| #define PACKAGE_BUGREPORT ""
| #define PACKAGE_URL ""
| #define HAVE_CPU_AFFINITY 1
| #define HAVE_REUSEPORT 1
| #define HAVE_FUTEX 1
| #define HAVE_UCONTEXT 1
| #define HAVE_CLOCK_GETTIME 1
| #define SW_USE_REDIS 1
| #define HAVE_ACCEPT4 1
| #define HAVE_SIGNALFD 1
| #define HAVE_EVENTFD 1
| #define HAVE_EPOLL 1
| #define HAVE_POLL 1
| #define HAVE_SENDFILE 1
| #define HAVE_EXECINFO 1
| #define HAVE_DAEMON 1
| #define HAVE_MKOSTEMP 1
| #define HAVE_INOTIFY 1
| #define HAVE_MALLOC_TRIM 1
| #define HAVE_INOTIFY_INIT1 1
| #define HAVE_GETHOSTBYNAME2_R 1
| #define HAVE_PTRACE 1
| #define HAVE_RWLOCK 1
| #define HAVE_SPINLOCK 1
| #define HAVE_MUTEX_TIMEDLOCK 1
| #define HAVE_PTHREAD_BARRIER 1
| #define HAVE_PCRE 1
| #define HAVE_HIREDIS 1
| #define HAVE_NGHTTP2 1
| #define SW_HAVE_ZLIB 1
| #define COMPILE_DL_SWOOLE 1
| #define STDC_HEADERS 1
| #define HAVE_SYS_TYPES_H 1
| #define HAVE_SYS_STAT_H 1
| #define HAVE_STDLIB_H 1
| #define HAVE_STRING_H 1
| #define HAVE_MEMORY_H 1
| #define HAVE_STRINGS_H 1
| #define HAVE_INTTYPES_H 1
| #define HAVE_STDINT_H 1
| #define HAVE_UNISTD_H 1
| #define HAVE_DLFCN_H 1
| /* end confdefs.h.  */
| #include <ac_nonexistent.h>
configure:9357: checking the maximum length of command line arguments
configure:9469: result: 1572864
configure:9481: checking command to parse /usr/bin/nm -B output from cc object
configure:9586: g++ -c -g -O2 -Wall -Wno-unused-function -Wno-deprecated -Wno-deprecated-declarations -std=c++11  conftest.cpp >&5
configure:9589: $? = 0
configure:9593: /usr/bin/nm -B conftest.o \| sed -n -e 's/^.*[ 	]\([ABCDGIRSTW][ABCDGIRSTW]*\)[ 	][ 	]*\([_A-Za-z][_A-Za-z0-9]*\)$/\1 \2 \2/p' \> conftest.nm
configure:9596: $? = 0
configure:9648: g++ -o conftest -g -O2 -Wall -Wno-unused-function -Wno-deprecated -Wno-deprecated-declarations -std=c++11   -lpthread -z now conftest.cpp conftstm.o >&5
configure:9651: $? = 0
configure:9689: result: ok
configure:9693: checking for objdir
configure:9708: result: .libs
configure:9800: checking for ar
configure:9816: found /usr/bin/ar
configure:9827: result: ar
configure:9892: checking for ranlib
configure:9908: found /usr/bin/ranlib
configure:9919: result: ranlib
configure:9984: checking for strip
configure:10000: found /usr/bin/strip
configure:10011: result: strip
configure:10580: checking if cc supports -fno-rtti -fno-exceptions
configure:10598: cc -c -Wall -pthread -g -O2  -fno-rtti -fno-exceptions conftest.c >&5
cc1: warning: command line option '-fno-rtti' is valid for C++/ObjC++ but not for C [enabled by default]
configure:10602: $? = 0
configure:10615: result: no
configure:10630: checking for cc option to produce PIC
configure:10870: result: -fPIC
configure:10878: checking if cc PIC flag -fPIC works
configure:10896: cc -c -Wall -pthread -g -O2  -fPIC -DPIC conftest.c >&5
configure:10900: $? = 0
configure:10913: result: yes
configure:10941: checking if cc static flag -static works
configure:10969: result: no
configure:10979: checking if cc supports -c -o file.o
configure:11000: cc -c -Wall -pthread -g -O2  -o out/conftest2.o conftest.c >&5
configure:11004: $? = 0
configure:11026: result: yes
configure:11052: checking whether the cc linker (/usr/bin/ld -m elf_x86_64) supports shared libraries
configure:11980: result: yes
configure:12001: checking whether -lc should be explicitly linked in
configure:12006: cc -c -Wall -pthread -g -O2  conftest.c >&5
configure:12009: $? = 0
configure:12024: cc -shared conftest.o  -v -Wl,-soname -Wl,conftest -o conftest 2\>\&1 \| grep  -lc  \>/dev/null 2\>\&1
configure:12027: $? = 0
configure:12039: result: no
configure:12047: checking dynamic linker characteristics
configure:12645: result: GNU/Linux ld.so
configure:12669: checking how to hardcode library paths into programs
configure:12694: result: immediate
configure:12708: checking whether stripping libraries is possible
configure:12713: result: yes
configure:13230: checking if libtool supports shared libraries
configure:13232: result: yes
configure:13235: checking whether to build shared libraries
configure:13256: result: yes
configure:13259: checking whether to build static libraries
configure:13263: result: no
configure:13358: result:
creating libtool
configure:13949: checking for ld used by g++
configure:14016: result: /usr/bin/ld -m elf_x86_64
configure:14023: checking if the linker (/usr/bin/ld -m elf_x86_64) is GNU ld
configure:14038: result: yes
configure:14089: checking whether the g++ linker (/usr/bin/ld -m elf_x86_64) supports shared libraries
configure:14987: result: yes
configure:15008: g++ -c -g -O2 -Wall -Wno-unused-function -Wno-deprecated -Wno-deprecated-declarations -std=c++11  conftest.cpp >&5
configure:15011: $? = 0
configure:15167: checking for g++ option to produce PIC
configure:15457: result: -fPIC
configure:15465: checking if g++ PIC flag -fPIC works
configure:15483: g++ -c -g -O2 -Wall -Wno-unused-function -Wno-deprecated -Wno-deprecated-declarations -std=c++11  -fPIC -DPIC conftest.cpp >&5
configure:15487: $? = 0
configure:15500: result: yes
configure:15528: checking if g++ static flag -static works
configure:15556: result: no
configure:15566: checking if g++ supports -c -o file.o
configure:15587: g++ -c -g -O2 -Wall -Wno-unused-function -Wno-deprecated -Wno-deprecated-declarations -std=c++11  -o out/conftest2.o conftest.cpp >&5
configure:15591: $? = 0
configure:15613: result: yes
configure:15639: checking whether the g++ linker (/usr/bin/ld -m elf_x86_64) supports shared libraries
configure:15665: result: yes
configure:15732: checking dynamic linker characteristics
configure:16278: result: GNU/Linux ld.so
configure:16302: checking how to hardcode library paths into programs
configure:16327: result: immediate
configure:17057: creating ./config.status

## ---------------------- ##
## Running config.status. ##
## ---------------------- ##

This file was extended by config.status, which was
generated by GNU Autoconf 2.69.  Invocation command line was

  CONFIG_FILES    = 
  CONFIG_HEADERS  = 
  CONFIG_LINKS    = 
  CONFIG_COMMANDS = 
  $ ./config.status 

on VM_0_7_centos

config.status:704: creating config.h

## ---------------- ##
## Cache variables. ##
## ---------------- ##

ac_cv_build=x86_64-unknown-linux-gnu
ac_cv_c_compiler_gnu=yes
ac_cv_cxx_compiler_gnu=yes
ac_cv_env_CCC_set=
ac_cv_env_CCC_value=
ac_cv_env_CC_set=
ac_cv_env_CC_value=
ac_cv_env_CFLAGS_set=
ac_cv_env_CFLAGS_value=
ac_cv_env_CPPFLAGS_set=
ac_cv_env_CPPFLAGS_value=
ac_cv_env_CPP_set=
ac_cv_env_CPP_value=
ac_cv_env_CXXCPP_set=
ac_cv_env_CXXCPP_value=
ac_cv_env_CXXFLAGS_set=
ac_cv_env_CXXFLAGS_value=
ac_cv_env_CXX_set=
ac_cv_env_CXX_value=
ac_cv_env_LDFLAGS_set=
ac_cv_env_LDFLAGS_value=
ac_cv_env_LIBS_set=
ac_cv_env_LIBS_value=
ac_cv_env_build_alias_set=
ac_cv_env_build_alias_value=
ac_cv_env_host_alias_set=
ac_cv_env_host_alias_value=
ac_cv_env_target_alias_set=
ac_cv_env_target_alias_value=
ac_cv_header_dlfcn_h=yes
ac_cv_header_inttypes_h=yes
ac_cv_header_memory_h=yes
ac_cv_header_stdc=yes
ac_cv_header_stdint_h=yes
ac_cv_header_stdlib_h=yes
ac_cv_header_string_h=yes
ac_cv_header_strings_h=yes
ac_cv_header_sys_stat_h=yes
ac_cv_header_sys_types_h=yes
ac_cv_header_unistd_h=yes
ac_cv_host=x86_64-unknown-linux-gnu
ac_cv_lib_brotlienc_BrotliEncoderCreateInstance=no
ac_cv_lib_c_accept4=yes
ac_cv_lib_c_backtrace=yes
ac_cv_lib_c_daemon=yes
ac_cv_lib_c_epoll_create=yes
ac_cv_lib_c_eventfd=yes
ac_cv_lib_c_gethostbyname2_r=yes
ac_cv_lib_c_inotify_init1=yes
ac_cv_lib_c_inotify_init=yes
ac_cv_lib_c_kqueue=no
ac_cv_lib_c_malloc_trim=yes
ac_cv_lib_c_mkostemp=yes
ac_cv_lib_c_poll=yes
ac_cv_lib_c_ptrace=yes
ac_cv_lib_c_sendfile=yes
ac_cv_lib_c_signalfd=yes
ac_cv_lib_hiredis_redisConnect=yes
ac_cv_lib_nghttp2_nghttp2_hd_inflate_new=yes
ac_cv_lib_pcre_pcre_compile=yes
ac_cv_lib_pq_PQconnectdb=no
ac_cv_lib_pthread_pthread_barrier_init=yes
ac_cv_lib_pthread_pthread_mutex_timedlock=yes
ac_cv_lib_pthread_pthread_rwlock_init=yes
ac_cv_lib_pthread_pthread_spin_lock=yes
ac_cv_lib_rt_clock_gettime=yes
ac_cv_lib_z_gzgets=yes
ac_cv_objext=o
ac_cv_path_EGREP='/usr/bin/grep -E'
ac_cv_path_GREP=/usr/bin/grep
ac_cv_prog_AWK=gawk
ac_cv_prog_CPP='cc -E'
ac_cv_prog_CXXCPP='g++ -E'
ac_cv_prog_ac_ct_AR=ar
ac_cv_prog_ac_ct_CC=cc
ac_cv_prog_ac_ct_CXX=g++
ac_cv_prog_ac_ct_RANLIB=ranlib
ac_cv_prog_ac_ct_STRIP=strip
ac_cv_prog_cc_c89=
ac_cv_prog_cc_cc_c_o=yes
ac_cv_prog_cc_g=yes
ac_cv_prog_cxx_g=yes
ac_cv_target=x86_64-unknown-linux-gnu
lt_cv_deplibs_check_method=pass_all
lt_cv_file_magic_cmd='$MAGIC_CMD'
lt_cv_file_magic_test_file=
lt_cv_ld_reload_flag=-r
lt_cv_objdir=.libs
lt_cv_path_LD=/usr/bin/ld
lt_cv_path_LDCXX='/usr/bin/ld -m elf_x86_64'
lt_cv_path_NM='/usr/bin/nm -B'
lt_cv_path_SED=/usr/bin/sed
lt_cv_prog_compiler_c_o=yes
lt_cv_prog_compiler_c_o_CXX=yes
lt_cv_prog_compiler_pic_works=yes
lt_cv_prog_compiler_pic_works_CXX=yes
lt_cv_prog_compiler_rtti_exceptions=no
lt_cv_prog_compiler_static_works=no
lt_cv_prog_compiler_static_works_CXX=no
lt_cv_prog_gnu_ld=yes
lt_cv_prog_gnu_ldcxx=yes
lt_cv_sys_global_symbol_pipe='sed -n -e '\''s/^.*[ 	]\([ABCDGIRSTW][ABCDGIRSTW]*\)[ 	][ 	]*\([_A-Za-z][_A-Za-z0-9]*\)$/\1 \2 \2/p'\'''
lt_cv_sys_global_symbol_to_c_name_address='sed -n -e '\''s/^: \([^ ]*\) $/  {\"\1\", (lt_ptr) 0},/p'\'' -e '\''s/^[BCDEGRST] \([^ ]*\) \([^ ]*\)$/  {"\2", (lt_ptr) \&\2},/p'\'''
lt_cv_sys_global_symbol_to_cdecl='sed -n -e '\''s/^. .* \(.*\)$/extern int \1;/p'\'''
lt_cv_sys_lib_dlsearch_path_spec='/lib /usr/lib /usr/lib64/dyninst /home/py/python3/lib/ /usr/lib64/mysql '
lt_cv_sys_lib_search_path_spec='/usr/lib/gcc/x86_64-redhat-linux/4.8.5 /usr/lib64 /lib64'
lt_cv_sys_max_cmd_len=1572864
lt_lt_cv_prog_compiler_c_o='"yes"'
lt_lt_cv_prog_compiler_c_o_CXX='"yes"'
lt_lt_cv_sys_global_symbol_pipe='"sed -n -e '\''s/^.*[ 	]\\([ABCDGIRSTW][ABCDGIRSTW]*\\)[ 	][ 	]*\\([_A-Za-z][_A-Za-z0-9]*\\)\$/\\1 \\2 \\2/p'\''"'
lt_lt_cv_sys_global_symbol_to_c_name_address='"sed -n -e '\''s/^: \\([^ ]*\\) \$/  {\\\"\\1\\\", (lt_ptr) 0},/p'\'' -e '\''s/^[BCDEGRST] \\([^ ]*\\) \\([^ ]*\\)\$/  {\"\\2\", (lt_ptr) \\&\\2},/p'\''"'
lt_lt_cv_sys_global_symbol_to_cdecl='"sed -n -e '\''s/^. .* \\(.*\\)\$/extern int \\1;/p'\''"'
php_cv_cc_dashr=no
php_cv_cc_rpath=yes

## ----------------- ##
## Output variables. ##
## ----------------- ##

AR='ar'
AWK='gawk'
CC='cc'
CFLAGS='-Wall -pthread -g -O2'
CONFIGURE_COMMAND=' '\''./configure'\''  '\''--with-php-config=/home/study/soft/php/bin/php-config'\'' '\''--enable-async-redis'\'''
CONFIGURE_OPTIONS=' '\''--with-php-config=/home/study/soft/php/bin/php-config'\'' '\''--enable-async-redis'\'''
CPP='cc -E'
CPPFLAGS=' -DHAVE_CONFIG_H'
CXX='g++'
CXXCPP='g++ -E'
CXXFLAGS='-g -O2 -Wall -Wno-unused-function -Wno-deprecated -Wno-deprecated-declarations -std=c++11'
DEFS='-DHAVE_CONFIG_H'
DSYMUTIL=''
ECHO='echo'
ECHO_C=''
ECHO_N='-n'
ECHO_T=''
EGREP='/usr/bin/grep -E'
EXEEXT=''
GREP='/usr/bin/grep'
LDFLAGS=' -lpthread -z now'
LIBOBJS=''
LIBS='-lstdc++ '
LIBTOOL='$(SHELL) $(top_builddir)/libtool'
LN_S='ln -s'
LTLIBOBJS=''
NMEDIT=''
OBJEXT='o'
PACKAGE_BUGREPORT=''
PACKAGE_NAME=''
PACKAGE_STRING=''
PACKAGE_TARNAME=''
PACKAGE_URL=''
PACKAGE_VERSION=''
PATH_SEPARATOR=':'
RANLIB='ranlib'
RE2C='exit 0;'
SED='/usr/bin/sed'
SHELL='/bin/sh'
SHLIB_DL_SUFFIX_NAME='so'
SHLIB_SUFFIX_NAME='so'
STRIP='strip'
ac_ct_CC='cc'
ac_ct_CXX='g++'
bindir='${exec_prefix}/bin'
build='x86_64-unknown-linux-gnu'
build_alias=''
build_cpu='x86_64'
build_os='linux-gnu'
build_vendor='unknown'
datadir='${datarootdir}'
datarootdir='${prefix}/share'
docdir='${datarootdir}/doc/${PACKAGE}'
dvidir='${docdir}'
exec_prefix='$(prefix)'
host='x86_64-unknown-linux-gnu'
host_alias='x86_64-unknown-linux-gnu'
host_cpu='x86_64'
host_os='linux-gnu'
host_vendor='unknown'
htmldir='${docdir}'
includedir='${prefix}/include'
infodir='${datarootdir}/info'
libdir='${exec_prefix}/lib'
libexecdir='${exec_prefix}/libexec'
localedir='${datarootdir}/locale'
localstatedir='${prefix}/var'
mandir='${datarootdir}/man'
oldincludedir='/usr/include'
pdfdir='${docdir}'
prefix='/home/study/soft/php'
program_transform_name='s,x,x,'
psdir='${docdir}'
sbindir='${exec_prefix}/sbin'
sharedstatedir='${prefix}/com'
sysconfdir='${prefix}/etc'
target='x86_64-unknown-linux-gnu'
target_alias=''
target_cpu='x86_64'
target_os='linux-gnu'
target_vendor='unknown'

## ----------- ##
## confdefs.h. ##
## ----------- ##

/* confdefs.h */
#define PACKAGE_NAME ""
#define PACKAGE_TARNAME ""
#define PACKAGE_VERSION ""
#define PACKAGE_STRING ""
#define PACKAGE_BUGREPORT ""
#define PACKAGE_URL ""
#define HAVE_CPU_AFFINITY 1
#define HAVE_REUSEPORT 1
#define HAVE_FUTEX 1
#define HAVE_UCONTEXT 1
#define HAVE_CLOCK_GETTIME 1
#define SW_USE_REDIS 1
#define HAVE_ACCEPT4 1
#define HAVE_SIGNALFD 1
#define HAVE_EVENTFD 1
#define HAVE_EPOLL 1
#define HAVE_POLL 1
#define HAVE_SENDFILE 1
#define HAVE_EXECINFO 1
#define HAVE_DAEMON 1
#define HAVE_MKOSTEMP 1
#define HAVE_INOTIFY 1
#define HAVE_MALLOC_TRIM 1
#define HAVE_INOTIFY_INIT1 1
#define HAVE_GETHOSTBYNAME2_R 1
#define HAVE_PTRACE 1
#define HAVE_RWLOCK 1
#define HAVE_SPINLOCK 1
#define HAVE_MUTEX_TIMEDLOCK 1
#define HAVE_PTHREAD_BARRIER 1
#define HAVE_PCRE 1
#define HAVE_HIREDIS 1
#define HAVE_NGHTTP2 1
#define SW_HAVE_ZLIB 1
#define COMPILE_DL_SWOOLE 1
#define STDC_HEADERS 1
#define HAVE_SYS_TYPES_H 1
#define HAVE_SYS_STAT_H 1
#define HAVE_STDLIB_H 1
#define HAVE_STRING_H 1
#define HAVE_MEMORY_H 1
#define HAVE_STRINGS_H 1
#define HAVE_INTTYPES_H 1
#define HAVE_STDINT_H 1
#define HAVE_UNISTD_H 1
#define HAVE_DLFCN_H 1

configure: exit 0
